[1.040s] Invoking command in '/home/nitish/work/myactuator/TandP_URDF_description': DEBUGINFOD_URLS=https://debuginfod.archlinux.org https://debuginfod.cachyos.org PS1=[\u@\h \W]\$ PYTHONPATH=/home/nitish/work/myactuator/build/TandP_URDF_description/prefix_override:/usr/lib/python3/dist-packages/colcon_core/task/python/colcon_distutils_commands:/home/nitish/work/myactuator/install/TandP_URDF_description/lib/python3.12/site-packages:${PYTHONPATH} /usr/bin/python3 -W ignore:setup.py install is deprecated -W ignore:easy_install command is deprecated setup.py egg_info --egg-base ../build/TandP_URDF_description build --build-base /home/nitish/work/myactuator/build/TandP_URDF_description/build install --record /home/nitish/work/myactuator/build/TandP_URDF_description/install.log --single-version-externally-managed install_data
[1.344s] running egg_info
[1.345s] creating ../build/TandP_URDF_description/TandP_URDF_description.egg-info
[1.360s] writing ../build/TandP_URDF_description/TandP_URDF_description.egg-info/PKG-INFO
[1.361s] writing dependency_links to ../build/TandP_URDF_description/TandP_URDF_description.egg-info/dependency_links.txt
[1.361s] writing requirements to ../build/TandP_URDF_description/TandP_URDF_description.egg-info/requires.txt
[1.361s] writing top-level names to ../build/TandP_URDF_description/TandP_URDF_description.egg-info/top_level.txt
[1.361s] writing manifest file '../build/TandP_URDF_description/TandP_URDF_description.egg-info/SOURCES.txt'
[1.394s] reading manifest file '../build/TandP_URDF_description/TandP_URDF_description.egg-info/SOURCES.txt'
[1.395s] writing manifest file '../build/TandP_URDF_description/TandP_URDF_description.egg-info/SOURCES.txt'
[1.395s] running build
[1.396s] running build_py
[1.396s] creating /home/nitish/work/myactuator/build/TandP_URDF_description/build
[1.396s] creating /home/nitish/work/myactuator/build/TandP_URDF_description/build/lib
[1.396s] creating /home/nitish/work/myactuator/build/TandP_URDF_description/build/lib/TandP_URDF_description
[1.396s] copying TandP_URDF_description/__init__.py -> /home/nitish/work/myactuator/build/TandP_URDF_description/build/lib/TandP_URDF_description
[1.397s] running install
[1.404s] running install_lib
[1.422s] creating /home/nitish/work/myactuator/install/TandP_URDF_description/lib/python3.12/site-packages/TandP_URDF_description
[1.422s] copying /home/nitish/work/myactuator/build/TandP_URDF_description/build/lib/TandP_URDF_description/__init__.py -> /home/nitish/work/myactuator/install/TandP_URDF_description/lib/python3.12/site-packages/TandP_URDF_description
[1.422s] byte-compiling /home/nitish/work/myactuator/install/TandP_URDF_description/lib/python3.12/site-packages/TandP_URDF_description/__init__.py to __init__.cpython-312.pyc
[1.424s] running install_data
[1.424s] creating /home/nitish/work/myactuator/install/TandP_URDF_description/share/ament_index
[1.424s] creating /home/nitish/work/myactuator/install/TandP_URDF_description/share/ament_index/resource_index
[1.425s] creating /home/nitish/work/myactuator/install/TandP_URDF_description/share/ament_index/resource_index/packages
[1.425s] copying resource/TandP_URDF_description -> /home/nitish/work/myactuator/install/TandP_URDF_description/share/ament_index/resource_index/packages
[1.425s] copying package.xml -> /home/nitish/work/myactuator/install/TandP_URDF_description/share/TandP_URDF_description
[1.425s] creating /home/nitish/work/myactuator/install/TandP_URDF_description/share/TandP_URDF_description/launch
[1.426s] copying launch/display.launch.py -> /home/nitish/work/myactuator/install/TandP_URDF_description/share/TandP_URDF_description/launch
[1.426s] copying launch/gazebo.launch.py -> /home/nitish/work/myactuator/install/TandP_URDF_description/share/TandP_URDF_description/launch
[1.426s] creating /home/nitish/work/myactuator/install/TandP_URDF_description/share/TandP_URDF_description/urdf
[1.426s] copying urdf/materials.xacro -> /home/nitish/work/myactuator/install/TandP_URDF_description/share/TandP_URDF_description/urdf
[1.426s] copying urdf/TandP_URDF.gazebo -> /home/nitish/work/myactuator/install/TandP_URDF_description/share/TandP_URDF_description/urdf
[1.426s] copying urdf/TandP_URDF.trans -> /home/nitish/work/myactuator/install/TandP_URDF_description/share/TandP_URDF_description/urdf
[1.427s] copying urdf/TandP_URDF.xacro -> /home/nitish/work/myactuator/install/TandP_URDF_description/share/TandP_URDF_description/urdf
[1.427s] creating /home/nitish/work/myactuator/install/TandP_URDF_description/share/TandP_URDF_description/meshes
[1.427s] copying meshes/A_1.stl -> /home/nitish/work/myactuator/install/TandP_URDF_description/share/TandP_URDF_description/meshes
[1.428s] copying meshes/base_link.stl -> /home/nitish/work/myactuator/install/TandP_URDF_description/share/TandP_URDF_description/meshes
[1.430s] copying meshes/B_1.stl -> /home/nitish/work/myactuator/install/TandP_URDF_description/share/TandP_URDF_description/meshes
[1.435s] copying meshes/C_1.stl -> /home/nitish/work/myactuator/install/TandP_URDF_description/share/TandP_URDF_description/meshes
[1.438s] copying meshes/jig_1.stl -> /home/nitish/work/myactuator/install/TandP_URDF_description/share/TandP_URDF_description/meshes
[1.438s] creating /home/nitish/work/myactuator/install/TandP_URDF_description/share/TandP_URDF_description/config
[1.438s] copying config/display.rviz -> /home/nitish/work/myactuator/install/TandP_URDF_description/share/TandP_URDF_description/config
[1.438s] running install_egg_info
[1.474s] Copying ../build/TandP_URDF_description/TandP_URDF_description.egg-info to /home/nitish/work/myactuator/install/TandP_URDF_description/lib/python3.12/site-packages/TandP_URDF_description-0.0.0-py3.12.egg-info
[1.476s] running install_scripts
[1.654s] writing list of installed files to '/home/nitish/work/myactuator/build/TandP_URDF_description/install.log'
[1.712s] Invoked command in '/home/nitish/work/myactuator/TandP_URDF_description' returned '0': DEBUGINFOD_URLS=https://debuginfod.archlinux.org https://debuginfod.cachyos.org PS1=[\u@\h \W]\$ PYTHONPATH=/home/nitish/work/myactuator/build/TandP_URDF_description/prefix_override:/usr/lib/python3/dist-packages/colcon_core/task/python/colcon_distutils_commands:/home/nitish/work/myactuator/install/TandP_URDF_description/lib/python3.12/site-packages:${PYTHONPATH} /usr/bin/python3 -W ignore:setup.py install is deprecated -W ignore:easy_install command is deprecated setup.py egg_info --egg-base ../build/TandP_URDF_description build --build-base /home/nitish/work/myactuator/build/TandP_URDF_description/build install --record /home/nitish/work/myactuator/build/TandP_URDF_description/install.log --single-version-externally-managed install_data
