/home/nitish/work/myactuator/install/myactuator_python_driver/lib/python3.12/site-packages/myactuator_python_driver/__init__.py
/home/nitish/work/myactuator/install/myactuator_python_driver/lib/python3.12/site-packages/myactuator_python_driver/config.py
/home/nitish/work/myactuator/install/myactuator_python_driver/lib/python3.12/site-packages/myactuator_python_driver/motor_wrapper.py
/home/nitish/work/myactuator/install/myactuator_python_driver/lib/python3.12/site-packages/myactuator_python_driver/can_utils.py
/home/nitish/work/myactuator/install/myactuator_python_driver/lib/python3.12/site-packages/myactuator_python_driver/driver_node.py
/home/nitish/work/myactuator/install/myactuator_python_driver/lib/python3.12/site-packages/myactuator_python_driver/setup_tui.py
/home/nitish/work/myactuator/install/myactuator_python_driver/lib/python3.12/site-packages/myactuator_python_driver/recorder_tui.py
/home/nitish/work/myactuator/install/myactuator_python_driver/lib/python3.12/site-packages/myactuator_python_driver/__pycache__/__init__.cpython-312.pyc
/home/nitish/work/myactuator/install/myactuator_python_driver/lib/python3.12/site-packages/myactuator_python_driver/__pycache__/config.cpython-312.pyc
/home/nitish/work/myactuator/install/myactuator_python_driver/lib/python3.12/site-packages/myactuator_python_driver/__pycache__/motor_wrapper.cpython-312.pyc
/home/nitish/work/myactuator/install/myactuator_python_driver/lib/python3.12/site-packages/myactuator_python_driver/__pycache__/can_utils.cpython-312.pyc
/home/nitish/work/myactuator/install/myactuator_python_driver/lib/python3.12/site-packages/myactuator_python_driver/__pycache__/driver_node.cpython-312.pyc
/home/nitish/work/myactuator/install/myactuator_python_driver/lib/python3.12/site-packages/myactuator_python_driver/__pycache__/setup_tui.cpython-312.pyc
/home/nitish/work/myactuator/install/myactuator_python_driver/lib/python3.12/site-packages/myactuator_python_driver/__pycache__/recorder_tui.cpython-312.pyc
/home/nitish/work/myactuator/install/myactuator_python_driver/share/ament_index/resource_index/packages/myactuator_python_driver
/home/nitish/work/myactuator/install/myactuator_python_driver/share/myactuator_python_driver/package.xml
/home/nitish/work/myactuator/install/myactuator_python_driver/share/myactuator_python_driver/launch/driver.launch.py
/home/nitish/work/myactuator/install/myactuator_python_driver/share/myactuator_python_driver/config/driver_config.yaml
/home/nitish/work/myactuator/install/myactuator_python_driver/lib/python3.12/site-packages/myactuator_python_driver-1.0.0-py3.12.egg-info/PKG-INFO
/home/nitish/work/myactuator/install/myactuator_python_driver/lib/python3.12/site-packages/myactuator_python_driver-1.0.0-py3.12.egg-info/zip-safe
/home/nitish/work/myactuator/install/myactuator_python_driver/lib/python3.12/site-packages/myactuator_python_driver-1.0.0-py3.12.egg-info/dependency_links.txt
/home/nitish/work/myactuator/install/myactuator_python_driver/lib/python3.12/site-packages/myactuator_python_driver-1.0.0-py3.12.egg-info/entry_points.txt
/home/nitish/work/myactuator/install/myactuator_python_driver/lib/python3.12/site-packages/myactuator_python_driver-1.0.0-py3.12.egg-info/requires.txt
/home/nitish/work/myactuator/install/myactuator_python_driver/lib/python3.12/site-packages/myactuator_python_driver-1.0.0-py3.12.egg-info/top_level.txt
/home/nitish/work/myactuator/install/myactuator_python_driver/lib/python3.12/site-packages/myactuator_python_driver-1.0.0-py3.12.egg-info/SOURCES.txt
/home/nitish/work/myactuator/install/myactuator_python_driver/lib/myactuator_python_driver/driver_node
/home/nitish/work/myactuator/install/myactuator_python_driver/lib/myactuator_python_driver/recorder_tui
/home/nitish/work/myactuator/install/myactuator_python_driver/lib/myactuator_python_driver/setup_tui
