-- The C compiler identification is GNU 13.3.0
-- The CXX compiler identification is GNU 13.3.0
-- Detecting C compiler ABI info
-- Detecting C compiler ABI info - done
-- Check for working C compiler: /usr/bin/cc - skipped
-- Detecting C compile features
-- Detecting C compile features - done
-- Detecting CXX compiler ABI info
-- Detecting CXX compiler ABI info - done
-- Check for working CXX compiler: /usr/bin/c++ - skipped
-- Detecting CXX compile features
-- Detecting CXX compile features - done
-- Found Python3: /usr/bin/python3 (found version "3.12.3") found components: Interpreter 
-- Ament CMake detected.
-- Found Python3: /usr/bin/python3 (found version "3.12.3") found components: Development Interpreter Development.Module Development.Embed 
-- Performing Test HAS_FLTO
-- Performing Test HAS_FLTO - Success
-- Found pybind11: /usr/include (found version "2.11.1")
-- Configuring done (2.2s)
-- Generating done (0.0s)
-- Build files have been written to: /home/nitish/work/myactuator/build/myactuator_rmd
[ 25%] [32mBuilding CXX object CMakeFiles/myactuator_rmd.dir/src/protocol/requests.cpp.o[0m
[ 25%] [32mBuilding CXX object CMakeFiles/myactuator_rmd.dir/src/can/utilities.cpp.o[0m
[ 37%] [32mBuilding CXX object CMakeFiles/myactuator_rmd.dir/src/can/node.cpp.o[0m
[ 50%] [32mBuilding CXX object CMakeFiles/myactuator_rmd.dir/src/actuator_interface.cpp.o[0m
[ 62%] [32mBuilding CXX object CMakeFiles/myactuator_rmd.dir/src/protocol/responses.cpp.o[0m
[ 62%] Built target ament_cmake_python_copy_myactuator_rmd_setup
[ 62%] Built target ament_cmake_python_copy_myactuator_rmd
running egg_info
creating myactuator_rmd.egg-info
writing myactuator_rmd.egg-info/PKG-INFO
writing dependency_links to myactuator_rmd.egg-info/dependency_links.txt
writing top-level names to myactuator_rmd.egg-info/top_level.txt
writing manifest file 'myactuator_rmd.egg-info/SOURCES.txt'
reading manifest file 'myactuator_rmd.egg-info/SOURCES.txt'
writing manifest file 'myactuator_rmd.egg-info/SOURCES.txt'
[ 62%] Built target ament_cmake_python_build_myactuator_rmd_egg
[ 75%] [32m[1mLinking CXX shared library libmyactuator_rmd.so[0m
[ 75%] Built target myactuator_rmd
[ 87%] [32mBuilding CXX object CMakeFiles/myactuator_rmd_py.dir/bindings/myactuator_rmd.cpp.o[0m
[100%] [32m[1mLinking CXX shared module myactuator_rmd_py.cpython-312-x86_64-linux-gnu.so[0m
[100%] Built target myactuator_rmd_py
-- Install configuration: ""
-- Installing: /home/nitish/work/myactuator/install/myactuator_rmd/include/
-- Installing: /home/nitish/work/myactuator/install/myactuator_rmd/include//myactuator_rmd
-- Installing: /home/nitish/work/myactuator/install/myactuator_rmd/include//myactuator_rmd/actuator_state
-- Installing: /home/nitish/work/myactuator/install/myactuator_rmd/include//myactuator_rmd/actuator_state/acceleration_type.hpp
-- Installing: /home/nitish/work/myactuator/install/myactuator_rmd/include//myactuator_rmd/actuator_state/can_baud_rate.hpp
-- Installing: /home/nitish/work/myactuator/install/myactuator_rmd/include//myactuator_rmd/actuator_state/control_mode.hpp
-- Installing: /home/nitish/work/myactuator/install/myactuator_rmd/include//myactuator_rmd/actuator_state/error_code.hpp
-- Installing: /home/nitish/work/myactuator/install/myactuator_rmd/include//myactuator_rmd/actuator_state/feedback.hpp
-- Installing: /home/nitish/work/myactuator/install/myactuator_rmd/include//myactuator_rmd/actuator_state/gains.hpp
-- Installing: /home/nitish/work/myactuator/install/myactuator_rmd/include//myactuator_rmd/actuator_state/motor_status_1.hpp
-- Installing: /home/nitish/work/myactuator/install/myactuator_rmd/include//myactuator_rmd/actuator_state/motor_status_2.hpp
-- Installing: /home/nitish/work/myactuator/install/myactuator_rmd/include//myactuator_rmd/actuator_state/motor_status_3.hpp
-- Installing: /home/nitish/work/myactuator/install/myactuator_rmd/include//myactuator_rmd/can
-- Installing: /home/nitish/work/myactuator/install/myactuator_rmd/include//myactuator_rmd/can/exceptions.hpp
-- Installing: /home/nitish/work/myactuator/install/myactuator_rmd/include//myactuator_rmd/can/frame.hpp
-- Installing: /home/nitish/work/myactuator/install/myactuator_rmd/include//myactuator_rmd/can/node.hpp
-- Installing: /home/nitish/work/myactuator/install/myactuator_rmd/include//myactuator_rmd/can/utilities.hpp
-- Installing: /home/nitish/work/myactuator/install/myactuator_rmd/include//myactuator_rmd/driver
-- Installing: /home/nitish/work/myactuator/install/myactuator_rmd/include//myactuator_rmd/driver/can_address_offset.hpp
-- Installing: /home/nitish/work/myactuator/install/myactuator_rmd/include//myactuator_rmd/driver/can_driver.hpp
-- Installing: /home/nitish/work/myactuator/install/myactuator_rmd/include//myactuator_rmd/driver/can_node.hpp
-- Installing: /home/nitish/work/myactuator/install/myactuator_rmd/include//myactuator_rmd/driver/driver.hpp
-- Installing: /home/nitish/work/myactuator/install/myactuator_rmd/include//myactuator_rmd/protocol
-- Installing: /home/nitish/work/myactuator/install/myactuator_rmd/include//myactuator_rmd/protocol/command_type.hpp
-- Installing: /home/nitish/work/myactuator/install/myactuator_rmd/include//myactuator_rmd/protocol/message.hpp
-- Installing: /home/nitish/work/myactuator/install/myactuator_rmd/include//myactuator_rmd/protocol/requests.hpp
-- Installing: /home/nitish/work/myactuator/install/myactuator_rmd/include//myactuator_rmd/protocol/responses.hpp
-- Installing: /home/nitish/work/myactuator/install/myactuator_rmd/include//myactuator_rmd/protocol/single_motor_message.hpp
-- Installing: /home/nitish/work/myactuator/install/myactuator_rmd/include//myactuator_rmd/actuator_constants.hpp
-- Installing: /home/nitish/work/myactuator/install/myactuator_rmd/include//myactuator_rmd/actuator_interface.hpp
-- Installing: /home/nitish/work/myactuator/install/myactuator_rmd/include//myactuator_rmd/exceptions.hpp
-- Installing: /home/nitish/work/myactuator/install/myactuator_rmd/include//myactuator_rmd/io.hpp
-- Installing: /home/nitish/work/myactuator/install/myactuator_rmd/include//myactuator_rmd/myactuator_rmd.hpp
-- Installing: /home/nitish/work/myactuator/install/myactuator_rmd/include//myactuator_rmd/version.hpp
-- Installing: /home/nitish/work/myactuator/install/myactuator_rmd/lib/libmyactuator_rmd.so
-- Installing: /home/nitish/work/myactuator/install/myactuator_rmd/share/myactuator_rmd/environment/pythonpath.sh
-- Installing: /home/nitish/work/myactuator/install/myactuator_rmd/share/myactuator_rmd/environment/pythonpath.dsv
-- Installing: /home/nitish/work/myactuator/install/myactuator_rmd/lib/python3.12/site-packages/myactuator_rmd-0.0.1-py3.12.egg-info
-- Installing: /home/nitish/work/myactuator/install/myactuator_rmd/lib/python3.12/site-packages/myactuator_rmd-0.0.1-py3.12.egg-info/PKG-INFO
-- Installing: /home/nitish/work/myactuator/install/myactuator_rmd/lib/python3.12/site-packages/myactuator_rmd-0.0.1-py3.12.egg-info/not-zip-safe
-- Installing: /home/nitish/work/myactuator/install/myactuator_rmd/lib/python3.12/site-packages/myactuator_rmd-0.0.1-py3.12.egg-info/dependency_links.txt
-- Installing: /home/nitish/work/myactuator/install/myactuator_rmd/lib/python3.12/site-packages/myactuator_rmd-0.0.1-py3.12.egg-info/top_level.txt
-- Installing: /home/nitish/work/myactuator/install/myactuator_rmd/lib/python3.12/site-packages/myactuator_rmd-0.0.1-py3.12.egg-info/SOURCES.txt
-- Installing: /home/nitish/work/myactuator/install/myactuator_rmd/lib/python3.12/site-packages/myactuator_rmd
-- Installing: /home/nitish/work/myactuator/install/myactuator_rmd/lib/python3.12/site-packages/myactuator_rmd/__init__.py
Listing '/home/nitish/work/myactuator/install/myactuator_rmd/lib/python3.12/site-packages/myactuator_rmd'...
Compiling '/home/nitish/work/myactuator/install/myactuator_rmd/lib/python3.12/site-packages/myactuator_rmd/__init__.py'...
-- Installing: /home/nitish/work/myactuator/install/myactuator_rmd/lib/python3.12/site-packages/myactuator_rmd/myactuator_rmd_py.cpython-312-x86_64-linux-gnu.so
-- Set non-toolchain portion of runtime path of "/home/nitish/work/myactuator/install/myactuator_rmd/lib/python3.12/site-packages/myactuator_rmd/myactuator_rmd_py.cpython-312-x86_64-linux-gnu.so" to ""
-- Installing: /home/nitish/work/myactuator/install/myactuator_rmd/share/myactuator_rmd/environment/library_path.sh
-- Installing: /home/nitish/work/myactuator/install/myactuator_rmd/share/myactuator_rmd/environment/library_path.dsv
-- Installing: /home/nitish/work/myactuator/install/myactuator_rmd/share/ament_index/resource_index/package_run_dependencies/myactuator_rmd
-- Installing: /home/nitish/work/myactuator/install/myactuator_rmd/share/ament_index/resource_index/parent_prefix_path/myactuator_rmd
-- Installing: /home/nitish/work/myactuator/install/myactuator_rmd/share/myactuator_rmd/environment/ament_prefix_path.sh
-- Installing: /home/nitish/work/myactuator/install/myactuator_rmd/share/myactuator_rmd/environment/ament_prefix_path.dsv
-- Installing: /home/nitish/work/myactuator/install/myactuator_rmd/share/myactuator_rmd/environment/path.sh
-- Installing: /home/nitish/work/myactuator/install/myactuator_rmd/share/myactuator_rmd/environment/path.dsv
-- Installing: /home/nitish/work/myactuator/install/myactuator_rmd/share/myactuator_rmd/local_setup.bash
-- Installing: /home/nitish/work/myactuator/install/myactuator_rmd/share/myactuator_rmd/local_setup.sh
-- Installing: /home/nitish/work/myactuator/install/myactuator_rmd/share/myactuator_rmd/local_setup.zsh
-- Installing: /home/nitish/work/myactuator/install/myactuator_rmd/share/myactuator_rmd/local_setup.dsv
-- Installing: /home/nitish/work/myactuator/install/myactuator_rmd/share/myactuator_rmd/package.dsv
-- Installing: /home/nitish/work/myactuator/install/myactuator_rmd/share/ament_index/resource_index/packages/myactuator_rmd
-- Installing: /home/nitish/work/myactuator/install/myactuator_rmd/share/myactuator_rmd/cmake/myactuator_rmdTargetsExport.cmake
-- Installing: /home/nitish/work/myactuator/install/myactuator_rmd/share/myactuator_rmd/cmake/myactuator_rmdTargetsExport-noconfig.cmake
-- Installing: /home/nitish/work/myactuator/install/myactuator_rmd/share/myactuator_rmd/cmake/ament_cmake_export_include_directories-extras.cmake
-- Installing: /home/nitish/work/myactuator/install/myactuator_rmd/share/myactuator_rmd/cmake/ament_cmake_export_targets-extras.cmake
-- Installing: /home/nitish/work/myactuator/install/myactuator_rmd/share/myactuator_rmd/cmake/myactuator_rmdConfig.cmake
-- Installing: /home/nitish/work/myactuator/install/myactuator_rmd/share/myactuator_rmd/cmake/myactuator_rmdConfig-version.cmake
-- Installing: /home/nitish/work/myactuator/install/myactuator_rmd/share/myactuator_rmd/package.xml
