[0.023s] Invoking command in '/home/nitish/work/myactuator/build/myactuator_rmd': CMAKE_PREFIX_PATH=${CMAKE_PREFIX_PATH}:/home/nitish/work/myactuator/install/myactuator_python_driver:/home/nitish/work/myactuator/install/TandP_URDF_description:/opt/ros/jazzy DEBUGINFOD_URLS=https://debuginfod.archlinux.org https://debuginfod.cachyos.org PS1=[\u@\h \W]\$ /usr/bin/cmake /home/nitish/work/myactuator/myactuator_rmd -DCMAKE_INSTALL_PREFIX=/home/nitish/work/myactuator/install/myactuator_rmd
[0.122s] -- The C compiler identification is GNU 13.3.0
[0.199s] -- The CXX compiler identification is GNU 13.3.0
[0.228s] -- Detecting C compiler ABI info
[0.384s] -- Detecting C compiler ABI info - done
[0.406s] -- Check for working C compiler: /usr/bin/cc - skipped
[0.406s] -- Detecting C compile features
[0.407s] -- Detecting C compile features - done
[0.427s] -- Detecting CXX compiler ABI info
[0.627s] -- Detecting CXX compiler ABI info - done
[0.650s] -- Check for working CXX compiler: /usr/bin/c++ - skipped
[0.650s] -- Detecting CXX compile features
[0.652s] -- Detecting CXX compile features - done
[0.995s] -- Found Python3: /usr/bin/python3 (found version "3.12.3") found components: Interpreter 
[1.251s] -- Ament CMake detected.
[1.633s] -- Found Python3: /usr/bin/python3 (found version "3.12.3") found components: Development Interpreter Development.Module Development.Embed 
[1.713s] -- Performing Test HAS_FLTO
[1.932s] -- Performing Test HAS_FLTO - Success
[1.933s] -- Found pybind11: /usr/include (found version "2.11.1")
[2.245s] -- Configuring done (2.2s)
[2.257s] -- Generating done (0.0s)
[2.260s] -- Build files have been written to: /home/nitish/work/myactuator/build/myactuator_rmd
[2.270s] Invoked command in '/home/nitish/work/myactuator/build/myactuator_rmd' returned '0': CMAKE_PREFIX_PATH=${CMAKE_PREFIX_PATH}:/home/nitish/work/myactuator/install/myactuator_python_driver:/home/nitish/work/myactuator/install/TandP_URDF_description:/opt/ros/jazzy DEBUGINFOD_URLS=https://debuginfod.archlinux.org https://debuginfod.cachyos.org PS1=[\u@\h \W]\$ /usr/bin/cmake /home/nitish/work/myactuator/myactuator_rmd -DCMAKE_INSTALL_PREFIX=/home/nitish/work/myactuator/install/myactuator_rmd
[2.273s] Invoking command in '/home/nitish/work/myactuator/build/myactuator_rmd': CMAKE_PREFIX_PATH=${CMAKE_PREFIX_PATH}:/home/nitish/work/myactuator/install/myactuator_python_driver:/home/nitish/work/myactuator/install/TandP_URDF_description:/opt/ros/jazzy DEBUGINFOD_URLS=https://debuginfod.archlinux.org https://debuginfod.cachyos.org PS1=[\u@\h \W]\$ /usr/bin/cmake --build /home/nitish/work/myactuator/build/myactuator_rmd -- -j12 -l12
[2.362s] [ 25%] [32mBuilding CXX object CMakeFiles/myactuator_rmd.dir/src/protocol/requests.cpp.o[0m
[2.362s] [ 25%] [32mBuilding CXX object CMakeFiles/myactuator_rmd.dir/src/can/utilities.cpp.o[0m
[2.364s] [ 37%] [32mBuilding CXX object CMakeFiles/myactuator_rmd.dir/src/can/node.cpp.o[0m
[2.364s] [ 50%] [32mBuilding CXX object CMakeFiles/myactuator_rmd.dir/src/actuator_interface.cpp.o[0m
[2.366s] [ 62%] [32mBuilding CXX object CMakeFiles/myactuator_rmd.dir/src/protocol/responses.cpp.o[0m
[2.370s] [ 62%] Built target ament_cmake_python_copy_myactuator_rmd_setup
[2.382s] [ 62%] Built target ament_cmake_python_copy_myactuator_rmd
[2.723s] /usr/lib/python3/dist-packages/setuptools/config/expand.py:134: SetuptoolsWarning: File '/home/nitish/work/myactuator/build/myactuator_rmd/ament_cmake_python/myactuator_rmd/ReadMe.md' cannot be found
[2.723s]   return '\n'.join(
[2.896s] running egg_info
[2.898s] creating myactuator_rmd.egg-info
[2.937s] writing myactuator_rmd.egg-info/PKG-INFO
[2.937s] writing dependency_links to myactuator_rmd.egg-info/dependency_links.txt
[2.938s] writing top-level names to myactuator_rmd.egg-info/top_level.txt
[2.938s] writing manifest file 'myactuator_rmd.egg-info/SOURCES.txt'
[2.992s] reading manifest file 'myactuator_rmd.egg-info/SOURCES.txt'
[2.993s] writing manifest file 'myactuator_rmd.egg-info/SOURCES.txt'
[3.059s] [ 62%] Built target ament_cmake_python_build_myactuator_rmd_egg
[3.362s] [ 75%] [32m[1mLinking CXX shared library libmyactuator_rmd.so[0m
[3.479s] [ 75%] Built target myactuator_rmd
[3.517s] [ 87%] [32mBuilding CXX object CMakeFiles/myactuator_rmd_py.dir/bindings/myactuator_rmd.cpp.o[0m
[9.696s] [100%] [32m[1mLinking CXX shared module myactuator_rmd_py.cpython-312-x86_64-linux-gnu.so[0m
[10.233s] [01m[Klto-wrapper:[m[K [01;35m[Kwarning: [m[Kusing serial compilation of 2 LTRANS jobs
[10.233s] [01m[Klto-wrapper:[m[K [01;36m[Knote: [m[Ksee the ]8;;https://gcc.gnu.org/onlinedocs/gcc/Optimize-Options.html#index-flto‘[01m[K-flto[m[K’ option documentation]8;; for more information
[15.649s] [100%] Built target myactuator_rmd_py
[15.666s] Invoked command in '/home/nitish/work/myactuator/build/myactuator_rmd' returned '0': CMAKE_PREFIX_PATH=${CMAKE_PREFIX_PATH}:/home/nitish/work/myactuator/install/myactuator_python_driver:/home/nitish/work/myactuator/install/TandP_URDF_description:/opt/ros/jazzy DEBUGINFOD_URLS=https://debuginfod.archlinux.org https://debuginfod.cachyos.org PS1=[\u@\h \W]\$ /usr/bin/cmake --build /home/nitish/work/myactuator/build/myactuator_rmd -- -j12 -l12
[15.682s] Invoking command in '/home/nitish/work/myactuator/build/myactuator_rmd': CMAKE_PREFIX_PATH=${CMAKE_PREFIX_PATH}:/home/nitish/work/myactuator/install/myactuator_python_driver:/home/nitish/work/myactuator/install/TandP_URDF_description:/opt/ros/jazzy DEBUGINFOD_URLS=https://debuginfod.archlinux.org https://debuginfod.cachyos.org PS1=[\u@\h \W]\$ /usr/bin/cmake --install /home/nitish/work/myactuator/build/myactuator_rmd
[15.697s] -- Install configuration: ""
[15.697s] -- Installing: /home/nitish/work/myactuator/install/myactuator_rmd/include/
[15.697s] -- Installing: /home/nitish/work/myactuator/install/myactuator_rmd/include//myactuator_rmd
[15.698s] -- Installing: /home/nitish/work/myactuator/install/myactuator_rmd/include//myactuator_rmd/actuator_state
[15.698s] -- Installing: /home/nitish/work/myactuator/install/myactuator_rmd/include//myactuator_rmd/actuator_state/acceleration_type.hpp
[15.698s] -- Installing: /home/nitish/work/myactuator/install/myactuator_rmd/include//myactuator_rmd/actuator_state/can_baud_rate.hpp
[15.698s] -- Installing: /home/nitish/work/myactuator/install/myactuator_rmd/include//myactuator_rmd/actuator_state/control_mode.hpp
[15.699s] -- Installing: /home/nitish/work/myactuator/install/myactuator_rmd/include//myactuator_rmd/actuator_state/error_code.hpp
[15.699s] -- Installing: /home/nitish/work/myactuator/install/myactuator_rmd/include//myactuator_rmd/actuator_state/feedback.hpp
[15.699s] -- Installing: /home/nitish/work/myactuator/install/myactuator_rmd/include//myactuator_rmd/actuator_state/gains.hpp
[15.699s] -- Installing: /home/nitish/work/myactuator/install/myactuator_rmd/include//myactuator_rmd/actuator_state/motor_status_1.hpp
[15.699s] -- Installing: /home/nitish/work/myactuator/install/myactuator_rmd/include//myactuator_rmd/actuator_state/motor_status_2.hpp
[15.699s] -- Installing: /home/nitish/work/myactuator/install/myactuator_rmd/include//myactuator_rmd/actuator_state/motor_status_3.hpp
[15.700s] -- Installing: /home/nitish/work/myactuator/install/myactuator_rmd/include//myactuator_rmd/can
[15.700s] -- Installing: /home/nitish/work/myactuator/install/myactuator_rmd/include//myactuator_rmd/can/exceptions.hpp
[15.700s] -- Installing: /home/nitish/work/myactuator/install/myactuator_rmd/include//myactuator_rmd/can/frame.hpp
[15.700s] -- Installing: /home/nitish/work/myactuator/install/myactuator_rmd/include//myactuator_rmd/can/node.hpp
[15.700s] -- Installing: /home/nitish/work/myactuator/install/myactuator_rmd/include//myactuator_rmd/can/utilities.hpp
[15.700s] -- Installing: /home/nitish/work/myactuator/install/myactuator_rmd/include//myactuator_rmd/driver
[15.700s] -- Installing: /home/nitish/work/myactuator/install/myactuator_rmd/include//myactuator_rmd/driver/can_address_offset.hpp
[15.700s] -- Installing: /home/nitish/work/myactuator/install/myactuator_rmd/include//myactuator_rmd/driver/can_driver.hpp
[15.700s] -- Installing: /home/nitish/work/myactuator/install/myactuator_rmd/include//myactuator_rmd/driver/can_node.hpp
[15.701s] -- Installing: /home/nitish/work/myactuator/install/myactuator_rmd/include//myactuator_rmd/driver/driver.hpp
[15.701s] -- Installing: /home/nitish/work/myactuator/install/myactuator_rmd/include//myactuator_rmd/protocol
[15.701s] -- Installing: /home/nitish/work/myactuator/install/myactuator_rmd/include//myactuator_rmd/protocol/command_type.hpp
[15.701s] -- Installing: /home/nitish/work/myactuator/install/myactuator_rmd/include//myactuator_rmd/protocol/message.hpp
[15.701s] -- Installing: /home/nitish/work/myactuator/install/myactuator_rmd/include//myactuator_rmd/protocol/requests.hpp
[15.701s] -- Installing: /home/nitish/work/myactuator/install/myactuator_rmd/include//myactuator_rmd/protocol/responses.hpp
[15.701s] -- Installing: /home/nitish/work/myactuator/install/myactuator_rmd/include//myactuator_rmd/protocol/single_motor_message.hpp
[15.701s] -- Installing: /home/nitish/work/myactuator/install/myactuator_rmd/include//myactuator_rmd/actuator_constants.hpp
[15.701s] -- Installing: /home/nitish/work/myactuator/install/myactuator_rmd/include//myactuator_rmd/actuator_interface.hpp
[15.701s] -- Installing: /home/nitish/work/myactuator/install/myactuator_rmd/include//myactuator_rmd/exceptions.hpp
[15.701s] -- Installing: /home/nitish/work/myactuator/install/myactuator_rmd/include//myactuator_rmd/io.hpp
[15.701s] -- Installing: /home/nitish/work/myactuator/install/myactuator_rmd/include//myactuator_rmd/myactuator_rmd.hpp
[15.701s] -- Installing: /home/nitish/work/myactuator/install/myactuator_rmd/include//myactuator_rmd/version.hpp
[15.702s] -- Installing: /home/nitish/work/myactuator/install/myactuator_rmd/lib/libmyactuator_rmd.so
[15.702s] -- Installing: /home/nitish/work/myactuator/install/myactuator_rmd/share/myactuator_rmd/environment/pythonpath.sh
[15.702s] -- Installing: /home/nitish/work/myactuator/install/myactuator_rmd/share/myactuator_rmd/environment/pythonpath.dsv
[15.702s] -- Installing: /home/nitish/work/myactuator/install/myactuator_rmd/lib/python3.12/site-packages/myactuator_rmd-0.0.1-py3.12.egg-info
[15.702s] -- Installing: /home/nitish/work/myactuator/install/myactuator_rmd/lib/python3.12/site-packages/myactuator_rmd-0.0.1-py3.12.egg-info/PKG-INFO
[15.703s] -- Installing: /home/nitish/work/myactuator/install/myactuator_rmd/lib/python3.12/site-packages/myactuator_rmd-0.0.1-py3.12.egg-info/not-zip-safe
[15.703s] -- Installing: /home/nitish/work/myactuator/install/myactuator_rmd/lib/python3.12/site-packages/myactuator_rmd-0.0.1-py3.12.egg-info/dependency_links.txt
[15.703s] -- Installing: /home/nitish/work/myactuator/install/myactuator_rmd/lib/python3.12/site-packages/myactuator_rmd-0.0.1-py3.12.egg-info/top_level.txt
[15.703s] -- Installing: /home/nitish/work/myactuator/install/myactuator_rmd/lib/python3.12/site-packages/myactuator_rmd-0.0.1-py3.12.egg-info/SOURCES.txt
[15.704s] -- Installing: /home/nitish/work/myactuator/install/myactuator_rmd/lib/python3.12/site-packages/myactuator_rmd
[15.704s] -- Installing: /home/nitish/work/myactuator/install/myactuator_rmd/lib/python3.12/site-packages/myactuator_rmd/__init__.py
[15.758s] Listing '/home/nitish/work/myactuator/install/myactuator_rmd/lib/python3.12/site-packages/myactuator_rmd'...
[15.758s] Compiling '/home/nitish/work/myactuator/install/myactuator_rmd/lib/python3.12/site-packages/myactuator_rmd/__init__.py'...
[15.769s] -- Installing: /home/nitish/work/myactuator/install/myactuator_rmd/lib/python3.12/site-packages/myactuator_rmd/myactuator_rmd_py.cpython-312-x86_64-linux-gnu.so
[15.773s] -- Set non-toolchain portion of runtime path of "/home/nitish/work/myactuator/install/myactuator_rmd/lib/python3.12/site-packages/myactuator_rmd/myactuator_rmd_py.cpython-312-x86_64-linux-gnu.so" to ""
[15.773s] -- Installing: /home/nitish/work/myactuator/install/myactuator_rmd/share/myactuator_rmd/environment/library_path.sh
[15.773s] -- Installing: /home/nitish/work/myactuator/install/myactuator_rmd/share/myactuator_rmd/environment/library_path.dsv
[15.774s] -- Installing: /home/nitish/work/myactuator/install/myactuator_rmd/share/ament_index/resource_index/package_run_dependencies/myactuator_rmd
[15.774s] -- Installing: /home/nitish/work/myactuator/install/myactuator_rmd/share/ament_index/resource_index/parent_prefix_path/myactuator_rmd
[15.774s] -- Installing: /home/nitish/work/myactuator/install/myactuator_rmd/share/myactuator_rmd/environment/ament_prefix_path.sh
[15.775s] -- Installing: /home/nitish/work/myactuator/install/myactuator_rmd/share/myactuator_rmd/environment/ament_prefix_path.dsv
[15.775s] -- Installing: /home/nitish/work/myactuator/install/myactuator_rmd/share/myactuator_rmd/environment/path.sh
[15.775s] -- Installing: /home/nitish/work/myactuator/install/myactuator_rmd/share/myactuator_rmd/environment/path.dsv
[15.776s] -- Installing: /home/nitish/work/myactuator/install/myactuator_rmd/share/myactuator_rmd/local_setup.bash
[15.776s] -- Installing: /home/nitish/work/myactuator/install/myactuator_rmd/share/myactuator_rmd/local_setup.sh
[15.777s] -- Installing: /home/nitish/work/myactuator/install/myactuator_rmd/share/myactuator_rmd/local_setup.zsh
[15.777s] -- Installing: /home/nitish/work/myactuator/install/myactuator_rmd/share/myactuator_rmd/local_setup.dsv
[15.777s] -- Installing: /home/nitish/work/myactuator/install/myactuator_rmd/share/myactuator_rmd/package.dsv
[15.777s] -- Installing: /home/nitish/work/myactuator/install/myactuator_rmd/share/ament_index/resource_index/packages/myactuator_rmd
[15.778s] -- Installing: /home/nitish/work/myactuator/install/myactuator_rmd/share/myactuator_rmd/cmake/myactuator_rmdTargetsExport.cmake
[15.778s] -- Installing: /home/nitish/work/myactuator/install/myactuator_rmd/share/myactuator_rmd/cmake/myactuator_rmdTargetsExport-noconfig.cmake
[15.778s] -- Installing: /home/nitish/work/myactuator/install/myactuator_rmd/share/myactuator_rmd/cmake/ament_cmake_export_include_directories-extras.cmake
[15.779s] -- Installing: /home/nitish/work/myactuator/install/myactuator_rmd/share/myactuator_rmd/cmake/ament_cmake_export_targets-extras.cmake
[15.779s] -- Installing: /home/nitish/work/myactuator/install/myactuator_rmd/share/myactuator_rmd/cmake/myactuator_rmdConfig.cmake
[15.779s] -- Installing: /home/nitish/work/myactuator/install/myactuator_rmd/share/myactuator_rmd/cmake/myactuator_rmdConfig-version.cmake
[15.779s] -- Installing: /home/nitish/work/myactuator/install/myactuator_rmd/share/myactuator_rmd/package.xml
[15.782s] Invoked command in '/home/nitish/work/myactuator/build/myactuator_rmd' returned '0': CMAKE_PREFIX_PATH=${CMAKE_PREFIX_PATH}:/home/nitish/work/myactuator/install/myactuator_python_driver:/home/nitish/work/myactuator/install/TandP_URDF_description:/opt/ros/jazzy DEBUGINFOD_URLS=https://debuginfod.archlinux.org https://debuginfod.cachyos.org PS1=[\u@\h \W]\$ /usr/bin/cmake --install /home/nitish/work/myactuator/build/myactuator_rmd
