/home/nitish/work/myactuator/install/TandP_URDF_description/lib/python3.12/site-packages/TandP_URDF_description/__init__.py
/home/nitish/work/myactuator/install/TandP_URDF_description/lib/python3.12/site-packages/TandP_URDF_description/__pycache__/__init__.cpython-312.pyc
/home/nitish/work/myactuator/install/TandP_URDF_description/share/ament_index/resource_index/packages/TandP_URDF_description
/home/nitish/work/myactuator/install/TandP_URDF_description/share/TandP_URDF_description/package.xml
/home/nitish/work/myactuator/install/TandP_URDF_description/share/TandP_URDF_description/launch/display.launch.py
/home/nitish/work/myactuator/install/TandP_URDF_description/share/TandP_URDF_description/launch/gazebo.launch.py
/home/nitish/work/myactuator/install/TandP_URDF_description/share/TandP_URDF_description/urdf/materials.xacro
/home/nitish/work/myactuator/install/TandP_URDF_description/share/TandP_URDF_description/urdf/TandP_URDF.gazebo
/home/nitish/work/myactuator/install/TandP_URDF_description/share/TandP_URDF_description/urdf/TandP_URDF.trans
/home/nitish/work/myactuator/install/TandP_URDF_description/share/TandP_URDF_description/urdf/TandP_URDF.xacro
/home/nitish/work/myactuator/install/TandP_URDF_description/share/TandP_URDF_description/meshes/A_1.stl
/home/nitish/work/myactuator/install/TandP_URDF_description/share/TandP_URDF_description/meshes/base_link.stl
/home/nitish/work/myactuator/install/TandP_URDF_description/share/TandP_URDF_description/meshes/B_1.stl
/home/nitish/work/myactuator/install/TandP_URDF_description/share/TandP_URDF_description/meshes/C_1.stl
/home/nitish/work/myactuator/install/TandP_URDF_description/share/TandP_URDF_description/meshes/jig_1.stl
/home/nitish/work/myactuator/install/TandP_URDF_description/share/TandP_URDF_description/config/display.rviz
/home/nitish/work/myactuator/install/TandP_URDF_description/lib/python3.12/site-packages/TandP_URDF_description-0.0.0-py3.12.egg-info/PKG-INFO
/home/nitish/work/myactuator/install/TandP_URDF_description/lib/python3.12/site-packages/TandP_URDF_description-0.0.0-py3.12.egg-info/zip-safe
/home/nitish/work/myactuator/install/TandP_URDF_description/lib/python3.12/site-packages/TandP_URDF_description-0.0.0-py3.12.egg-info/dependency_links.txt
/home/nitish/work/myactuator/install/TandP_URDF_description/lib/python3.12/site-packages/TandP_URDF_description-0.0.0-py3.12.egg-info/requires.txt
/home/nitish/work/myactuator/install/TandP_URDF_description/lib/python3.12/site-packages/TandP_URDF_description-0.0.0-py3.12.egg-info/top_level.txt
/home/nitish/work/myactuator/install/TandP_URDF_description/lib/python3.12/site-packages/TandP_URDF_description-0.0.0-py3.12.egg-info/SOURCES.txt
