[0.130s] DEBUG:colcon:Command line arguments: ['/usr/bin/colcon', 'build']
[0.130s] DEBUG:colcon:Parsed command line arguments: Namespace(log_base=None, log_level=None, verb_name='build', build_base='build', install_base='install', merge_install=False, symlink_install=False, test_result_base=None, continue_on_error=False, executor='parallel', parallel_workers=12, event_handlers=None, ignore_user_meta=False, metas=['./colcon.meta'], base_paths=['.'], packages_ignore=None, packages_ignore_regex=None, paths=None, packages_up_to=None, packages_up_to_regex=None, packages_above=None, packages_above_and_dependencies=None, packages_above_depth=None, packages_select_by_dep=None, packages_skip_by_dep=None, packages_skip_up_to=None, packages_select_build_failed=False, packages_skip_build_finished=False, packages_select_test_failures=False, packages_skip_test_passed=False, packages_select=None, packages_skip=None, packages_select_regex=None, packages_skip_regex=None, packages_start=None, packages_end=None, cmake_args=None, cmake_target=None, cmake_target_skip_unavailable=False, cmake_clean_cache=False, cmake_clean_first=False, cmake_force_configure=False, ament_cmake_args=None, catkin_cmake_args=None, catkin_skip_building_tests=False, mixin_files=None, mixin=None, verb_parser=<colcon_mixin.mixin.mixin_argument.MixinArgumentDecorator object at 0x7f79af54e3f0>, verb_extension=<colcon_core.verb.build.BuildVerb object at 0x7f79aff1acc0>, main=<bound method BuildVerb.main of <colcon_core.verb.build.BuildVerb object at 0x7f79aff1acc0>>, mixin_verb=('build',))
[0.180s] Level 1:colcon.colcon_core.package_discovery:discover_packages(colcon_meta) check parameters
[0.181s] Level 1:colcon.colcon_core.package_discovery:discover_packages(recursive) check parameters
[0.181s] Level 1:colcon.colcon_core.package_discovery:discover_packages(ignore) check parameters
[0.181s] Level 1:colcon.colcon_core.package_discovery:discover_packages(path) check parameters
[0.181s] Level 1:colcon.colcon_core.package_discovery:discover_packages(colcon_meta) discover
[0.181s] Level 1:colcon.colcon_core.package_discovery:discover_packages(recursive) discover
[0.181s] INFO:colcon.colcon_core.package_discovery:Crawling recursively for packages in '/home/nitish/work/myactuator'
[0.181s] Level 1:colcon.colcon_core.package_identification:_identify(.) by extensions ['ignore', 'ignore_ament_install']
[0.181s] Level 1:colcon.colcon_core.package_identification:_identify(.) by extension 'ignore'
[0.181s] Level 1:colcon.colcon_core.package_identification:_identify(.) by extension 'ignore_ament_install'
[0.181s] Level 1:colcon.colcon_core.package_identification:_identify(.) by extensions ['colcon_pkg']
[0.181s] Level 1:colcon.colcon_core.package_identification:_identify(.) by extension 'colcon_pkg'
[0.181s] Level 1:colcon.colcon_core.package_identification:_identify(.) by extensions ['colcon_meta']
[0.181s] Level 1:colcon.colcon_core.package_identification:_identify(.) by extension 'colcon_meta'
[0.181s] Level 1:colcon.colcon_core.package_identification:_identify(.) by extensions ['ros']
[0.181s] Level 1:colcon.colcon_core.package_identification:_identify(.) by extension 'ros'
[0.217s] Level 1:colcon.colcon_core.package_identification:_identify(.) by extensions ['cmake', 'python']
[0.218s] Level 1:colcon.colcon_core.package_identification:_identify(.) by extension 'cmake'
[0.218s] Level 1:colcon.colcon_core.package_identification:_identify(.) by extension 'python'
[0.218s] Level 1:colcon.colcon_core.package_identification:_identify(.) by extensions ['python_setup_py']
[0.218s] Level 1:colcon.colcon_core.package_identification:_identify(.) by extension 'python_setup_py'
[0.218s] Level 1:colcon.colcon_core.package_identification:_identify(TandP_URDF_description) by extensions ['ignore', 'ignore_ament_install']
[0.218s] Level 1:colcon.colcon_core.package_identification:_identify(TandP_URDF_description) by extension 'ignore'
[0.218s] Level 1:colcon.colcon_core.package_identification:_identify(TandP_URDF_description) by extension 'ignore_ament_install'
[0.218s] Level 1:colcon.colcon_core.package_identification:_identify(TandP_URDF_description) by extensions ['colcon_pkg']
[0.218s] Level 1:colcon.colcon_core.package_identification:_identify(TandP_URDF_description) by extension 'colcon_pkg'
[0.218s] Level 1:colcon.colcon_core.package_identification:_identify(TandP_URDF_description) by extensions ['colcon_meta']
[0.218s] Level 1:colcon.colcon_core.package_identification:_identify(TandP_URDF_description) by extension 'colcon_meta'
[0.218s] Level 1:colcon.colcon_core.package_identification:_identify(TandP_URDF_description) by extensions ['ros']
[0.218s] Level 1:colcon.colcon_core.package_identification:_identify(TandP_URDF_description) by extension 'ros'
[0.222s] DEBUG:colcon.colcon_core.package_identification:Package 'TandP_URDF_description' with type 'ros.ament_python' and name 'TandP_URDF_description'
[0.222s] Level 1:colcon.colcon_core.package_identification:_identify(build) by extensions ['ignore', 'ignore_ament_install']
[0.222s] Level 1:colcon.colcon_core.package_identification:_identify(build) by extension 'ignore'
[0.222s] Level 1:colcon.colcon_core.package_identification:_identify(build) ignored
[0.222s] Level 1:colcon.colcon_core.package_identification:_identify(install) by extensions ['ignore', 'ignore_ament_install']
[0.222s] Level 1:colcon.colcon_core.package_identification:_identify(install) by extension 'ignore'
[0.222s] Level 1:colcon.colcon_core.package_identification:_identify(install) ignored
[0.223s] Level 1:colcon.colcon_core.package_identification:_identify(log) by extensions ['ignore', 'ignore_ament_install']
[0.223s] Level 1:colcon.colcon_core.package_identification:_identify(log) by extension 'ignore'
[0.223s] Level 1:colcon.colcon_core.package_identification:_identify(log) ignored
[0.223s] Level 1:colcon.colcon_core.package_identification:_identify(myactuator_python_driver) by extensions ['ignore', 'ignore_ament_install']
[0.223s] Level 1:colcon.colcon_core.package_identification:_identify(myactuator_python_driver) by extension 'ignore'
[0.223s] Level 1:colcon.colcon_core.package_identification:_identify(myactuator_python_driver) by extension 'ignore_ament_install'
[0.223s] Level 1:colcon.colcon_core.package_identification:_identify(myactuator_python_driver) by extensions ['colcon_pkg']
[0.223s] Level 1:colcon.colcon_core.package_identification:_identify(myactuator_python_driver) by extension 'colcon_pkg'
[0.223s] Level 1:colcon.colcon_core.package_identification:_identify(myactuator_python_driver) by extensions ['colcon_meta']
[0.223s] Level 1:colcon.colcon_core.package_identification:_identify(myactuator_python_driver) by extension 'colcon_meta'
[0.223s] Level 1:colcon.colcon_core.package_identification:_identify(myactuator_python_driver) by extensions ['ros']
[0.223s] Level 1:colcon.colcon_core.package_identification:_identify(myactuator_python_driver) by extension 'ros'
[0.224s] DEBUG:colcon.colcon_core.package_identification:Package 'myactuator_python_driver' with type 'ros.ament_python' and name 'myactuator_python_driver'
[0.224s] Level 1:colcon.colcon_core.package_identification:_identify(myactuator_rmd) by extensions ['ignore', 'ignore_ament_install']
[0.224s] Level 1:colcon.colcon_core.package_identification:_identify(myactuator_rmd) by extension 'ignore'
[0.224s] Level 1:colcon.colcon_core.package_identification:_identify(myactuator_rmd) by extension 'ignore_ament_install'
[0.224s] Level 1:colcon.colcon_core.package_identification:_identify(myactuator_rmd) by extensions ['colcon_pkg']
[0.224s] Level 1:colcon.colcon_core.package_identification:_identify(myactuator_rmd) by extension 'colcon_pkg'
[0.225s] Level 1:colcon.colcon_core.package_identification:_identify(myactuator_rmd) by extensions ['colcon_meta']
[0.225s] Level 1:colcon.colcon_core.package_identification:_identify(myactuator_rmd) by extension 'colcon_meta'
[0.225s] Level 1:colcon.colcon_core.package_identification:_identify(myactuator_rmd) by extensions ['ros']
[0.225s] Level 1:colcon.colcon_core.package_identification:_identify(myactuator_rmd) by extension 'ros'
[0.225s] DEBUG:colcon.colcon_core.package_identification:Package 'myactuator_rmd' with type 'ros.ament_cmake' and name 'myactuator_rmd'
[0.226s] Level 1:colcon.colcon_core.package_discovery:discover_packages(recursive) using defaults
[0.226s] Level 1:colcon.colcon_core.package_discovery:discover_packages(ignore) discover
[0.226s] Level 1:colcon.colcon_core.package_discovery:discover_packages(ignore) using defaults
[0.226s] Level 1:colcon.colcon_core.package_discovery:discover_packages(path) discover
[0.226s] Level 1:colcon.colcon_core.package_discovery:discover_packages(path) using defaults
[0.251s] Level 5:colcon.colcon_core.verb:set package 'TandP_URDF_description' build argument 'cmake_args' from command line to 'None'
[0.251s] Level 5:colcon.colcon_core.verb:set package 'TandP_URDF_description' build argument 'cmake_target' from command line to 'None'
[0.251s] Level 5:colcon.colcon_core.verb:set package 'TandP_URDF_description' build argument 'cmake_target_skip_unavailable' from command line to 'False'
[0.252s] Level 5:colcon.colcon_core.verb:set package 'TandP_URDF_description' build argument 'cmake_clean_cache' from command line to 'False'
[0.252s] Level 5:colcon.colcon_core.verb:set package 'TandP_URDF_description' build argument 'cmake_clean_first' from command line to 'False'
[0.252s] Level 5:colcon.colcon_core.verb:set package 'TandP_URDF_description' build argument 'cmake_force_configure' from command line to 'False'
[0.252s] Level 5:colcon.colcon_core.verb:set package 'TandP_URDF_description' build argument 'ament_cmake_args' from command line to 'None'
[0.252s] Level 5:colcon.colcon_core.verb:set package 'TandP_URDF_description' build argument 'catkin_cmake_args' from command line to 'None'
[0.252s] Level 5:colcon.colcon_core.verb:set package 'TandP_URDF_description' build argument 'catkin_skip_building_tests' from command line to 'False'
[0.252s] DEBUG:colcon.colcon_core.verb:Building package 'TandP_URDF_description' with the following arguments: {'ament_cmake_args': None, 'build_base': '/home/nitish/work/myactuator/build/TandP_URDF_description', 'catkin_cmake_args': None, 'catkin_skip_building_tests': False, 'cmake_args': None, 'cmake_clean_cache': False, 'cmake_clean_first': False, 'cmake_force_configure': False, 'cmake_target': None, 'cmake_target_skip_unavailable': False, 'install_base': '/home/nitish/work/myactuator/install/TandP_URDF_description', 'merge_install': False, 'path': '/home/nitish/work/myactuator/TandP_URDF_description', 'symlink_install': False, 'test_result_base': None}
[0.252s] Level 5:colcon.colcon_core.verb:set package 'myactuator_rmd' build argument 'cmake_args' from command line to 'None'
[0.252s] Level 5:colcon.colcon_core.verb:set package 'myactuator_rmd' build argument 'cmake_target' from command line to 'None'
[0.252s] Level 5:colcon.colcon_core.verb:set package 'myactuator_rmd' build argument 'cmake_target_skip_unavailable' from command line to 'False'
[0.252s] Level 5:colcon.colcon_core.verb:set package 'myactuator_rmd' build argument 'cmake_clean_cache' from command line to 'False'
[0.252s] Level 5:colcon.colcon_core.verb:set package 'myactuator_rmd' build argument 'cmake_clean_first' from command line to 'False'
[0.252s] Level 5:colcon.colcon_core.verb:set package 'myactuator_rmd' build argument 'cmake_force_configure' from command line to 'False'
[0.252s] Level 5:colcon.colcon_core.verb:set package 'myactuator_rmd' build argument 'ament_cmake_args' from command line to 'None'
[0.252s] Level 5:colcon.colcon_core.verb:set package 'myactuator_rmd' build argument 'catkin_cmake_args' from command line to 'None'
[0.252s] Level 5:colcon.colcon_core.verb:set package 'myactuator_rmd' build argument 'catkin_skip_building_tests' from command line to 'False'
[0.252s] DEBUG:colcon.colcon_core.verb:Building package 'myactuator_rmd' with the following arguments: {'ament_cmake_args': None, 'build_base': '/home/nitish/work/myactuator/build/myactuator_rmd', 'catkin_cmake_args': None, 'catkin_skip_building_tests': False, 'cmake_args': None, 'cmake_clean_cache': False, 'cmake_clean_first': False, 'cmake_force_configure': False, 'cmake_target': None, 'cmake_target_skip_unavailable': False, 'install_base': '/home/nitish/work/myactuator/install/myactuator_rmd', 'merge_install': False, 'path': '/home/nitish/work/myactuator/myactuator_rmd', 'symlink_install': False, 'test_result_base': None}
[0.252s] Level 5:colcon.colcon_core.verb:set package 'myactuator_python_driver' build argument 'cmake_args' from command line to 'None'
[0.252s] Level 5:colcon.colcon_core.verb:set package 'myactuator_python_driver' build argument 'cmake_target' from command line to 'None'
[0.252s] Level 5:colcon.colcon_core.verb:set package 'myactuator_python_driver' build argument 'cmake_target_skip_unavailable' from command line to 'False'
[0.253s] Level 5:colcon.colcon_core.verb:set package 'myactuator_python_driver' build argument 'cmake_clean_cache' from command line to 'False'
[0.253s] Level 5:colcon.colcon_core.verb:set package 'myactuator_python_driver' build argument 'cmake_clean_first' from command line to 'False'
[0.253s] Level 5:colcon.colcon_core.verb:set package 'myactuator_python_driver' build argument 'cmake_force_configure' from command line to 'False'
[0.253s] Level 5:colcon.colcon_core.verb:set package 'myactuator_python_driver' build argument 'ament_cmake_args' from command line to 'None'
[0.253s] Level 5:colcon.colcon_core.verb:set package 'myactuator_python_driver' build argument 'catkin_cmake_args' from command line to 'None'
[0.253s] Level 5:colcon.colcon_core.verb:set package 'myactuator_python_driver' build argument 'catkin_skip_building_tests' from command line to 'False'
[0.253s] DEBUG:colcon.colcon_core.verb:Building package 'myactuator_python_driver' with the following arguments: {'ament_cmake_args': None, 'build_base': '/home/nitish/work/myactuator/build/myactuator_python_driver', 'catkin_cmake_args': None, 'catkin_skip_building_tests': False, 'cmake_args': None, 'cmake_clean_cache': False, 'cmake_clean_first': False, 'cmake_force_configure': False, 'cmake_target': None, 'cmake_target_skip_unavailable': False, 'install_base': '/home/nitish/work/myactuator/install/myactuator_python_driver', 'merge_install': False, 'path': '/home/nitish/work/myactuator/myactuator_python_driver', 'symlink_install': False, 'test_result_base': None}
[0.253s] INFO:colcon.colcon_core.executor:Executing jobs using 'parallel' executor
[0.254s] DEBUG:colcon.colcon_parallel_executor.executor.parallel:run_until_complete
[0.255s] INFO:colcon.colcon_ros.task.ament_cmake.build:Building ROS package in '/home/nitish/work/myactuator/myactuator_rmd' with build type 'ament_cmake'
[0.255s] INFO:colcon.colcon_cmake.task.cmake.build:Building CMake package in '/home/nitish/work/myactuator/myactuator_rmd'
[0.257s] INFO:colcon.colcon_core.plugin_system:Skipping extension 'colcon_core.shell.bat': Not used on non-Windows systems
[0.258s] INFO:colcon.colcon_core.shell:Skip shell extension 'powershell' for command environment: Not usable outside of PowerShell
[0.258s] DEBUG:colcon.colcon_core.shell:Skip shell extension 'dsv' for command environment
[0.259s] WARNING:colcon.colcon_ros.prefix_path.ament:The path '/home/nitish/work/myactuator/install/myactuator_python_driver' in the environment variable AMENT_PREFIX_PATH doesn't exist
[0.259s] WARNING:colcon.colcon_ros.prefix_path.ament:The path '/home/nitish/work/myactuator/install/myactuator_rmd' in the environment variable AMENT_PREFIX_PATH doesn't exist
[0.259s] WARNING:colcon.colcon_ros.prefix_path.ament:The path '/home/nitish/work/myactuator/install/TandP_URDF_description' in the environment variable AMENT_PREFIX_PATH doesn't exist
[0.260s] WARNING:colcon.colcon_ros.prefix_path.catkin:The path '/home/nitish/work/myactuator/install/myactuator_rmd' in the environment variable CMAKE_PREFIX_PATH doesn't exist
[0.265s] INFO:colcon.colcon_ros.task.ament_python.build:Building ROS package in '/home/nitish/work/myactuator/TandP_URDF_description' with build type 'ament_python'
[0.265s] Level 1:colcon.colcon_core.shell:create_environment_hook('TandP_URDF_description', 'ament_prefix_path')
[0.266s] INFO:colcon.colcon_core.shell:Creating environment hook '/home/nitish/work/myactuator/install/TandP_URDF_description/share/TandP_URDF_description/hook/ament_prefix_path.ps1'
[0.267s] INFO:colcon.colcon_core.shell:Creating environment descriptor '/home/nitish/work/myactuator/install/TandP_URDF_description/share/TandP_URDF_description/hook/ament_prefix_path.dsv'
[0.267s] INFO:colcon.colcon_core.shell:Creating environment hook '/home/nitish/work/myactuator/install/TandP_URDF_description/share/TandP_URDF_description/hook/ament_prefix_path.sh'
[0.268s] INFO:colcon.colcon_core.shell:Skip shell extension 'powershell' for command environment: Not usable outside of PowerShell
[0.268s] DEBUG:colcon.colcon_core.shell:Skip shell extension 'dsv' for command environment
[0.279s] DEBUG:colcon.colcon_core.event_handler.log_command:Invoking command in '/home/nitish/work/myactuator/build/myactuator_rmd': CMAKE_PREFIX_PATH=${CMAKE_PREFIX_PATH}:/home/nitish/work/myactuator/install/myactuator_python_driver:/home/nitish/work/myactuator/install/TandP_URDF_description:/opt/ros/jazzy DEBUGINFOD_URLS=https://debuginfod.archlinux.org https://debuginfod.cachyos.org PS1=[\u@\h \W]\$ /usr/bin/cmake /home/nitish/work/myactuator/myactuator_rmd -DCMAKE_INSTALL_PREFIX=/home/nitish/work/myactuator/install/myactuator_rmd
[0.612s] INFO:colcon.colcon_core.task.python.build:Building Python package in '/home/nitish/work/myactuator/TandP_URDF_description'
[0.613s] INFO:colcon.colcon_core.shell:Skip shell extension 'powershell' for command environment: Not usable outside of PowerShell
[0.613s] DEBUG:colcon.colcon_core.shell:Skip shell extension 'dsv' for command environment
[1.306s] DEBUG:colcon.colcon_core.event_handler.log_command:Invoking command in '/home/nitish/work/myactuator/TandP_URDF_description': DEBUGINFOD_URLS=https://debuginfod.archlinux.org https://debuginfod.cachyos.org PS1=[\u@\h \W]\$ PYTHONPATH=/home/nitish/work/myactuator/build/TandP_URDF_description/prefix_override:/usr/lib/python3/dist-packages/colcon_core/task/python/colcon_distutils_commands:/home/nitish/work/myactuator/install/TandP_URDF_description/lib/python3.12/site-packages:${PYTHONPATH} /usr/bin/python3 -W ignore:setup.py install is deprecated -W ignore:easy_install command is deprecated setup.py egg_info --egg-base ../build/TandP_URDF_description build --build-base /home/nitish/work/myactuator/build/TandP_URDF_description/build install --record /home/nitish/work/myactuator/build/TandP_URDF_description/install.log --single-version-externally-managed install_data
[1.978s] DEBUG:colcon.colcon_core.event_handler.log_command:Invoked command in '/home/nitish/work/myactuator/TandP_URDF_description' returned '0': DEBUGINFOD_URLS=https://debuginfod.archlinux.org https://debuginfod.cachyos.org PS1=[\u@\h \W]\$ PYTHONPATH=/home/nitish/work/myactuator/build/TandP_URDF_description/prefix_override:/usr/lib/python3/dist-packages/colcon_core/task/python/colcon_distutils_commands:/home/nitish/work/myactuator/install/TandP_URDF_description/lib/python3.12/site-packages:${PYTHONPATH} /usr/bin/python3 -W ignore:setup.py install is deprecated -W ignore:easy_install command is deprecated setup.py egg_info --egg-base ../build/TandP_URDF_description build --build-base /home/nitish/work/myactuator/build/TandP_URDF_description/build install --record /home/nitish/work/myactuator/build/TandP_URDF_description/install.log --single-version-externally-managed install_data
[1.981s] Level 1:colcon.colcon_core.environment:checking '/home/nitish/work/myactuator/install/TandP_URDF_description' for CMake module files
[1.981s] Level 1:colcon.colcon_core.environment:checking '/home/nitish/work/myactuator/install/TandP_URDF_description' for CMake config files
[1.982s] Level 1:colcon.colcon_core.environment:checking '/home/nitish/work/myactuator/install/TandP_URDF_description/lib'
[1.982s] Level 1:colcon.colcon_core.environment:checking '/home/nitish/work/myactuator/install/TandP_URDF_description/bin'
[1.982s] Level 1:colcon.colcon_core.environment:checking '/home/nitish/work/myactuator/install/TandP_URDF_description/lib/pkgconfig/TandP_URDF_description.pc'
[1.983s] Level 1:colcon.colcon_core.environment:checking '/home/nitish/work/myactuator/install/TandP_URDF_description/lib/python3.12/site-packages'
[1.983s] Level 1:colcon.colcon_core.shell:create_environment_hook('TandP_URDF_description', 'pythonpath')
[1.983s] INFO:colcon.colcon_core.shell:Creating environment hook '/home/nitish/work/myactuator/install/TandP_URDF_description/share/TandP_URDF_description/hook/pythonpath.ps1'
[1.984s] INFO:colcon.colcon_core.shell:Creating environment descriptor '/home/nitish/work/myactuator/install/TandP_URDF_description/share/TandP_URDF_description/hook/pythonpath.dsv'
[1.984s] INFO:colcon.colcon_core.shell:Creating environment hook '/home/nitish/work/myactuator/install/TandP_URDF_description/share/TandP_URDF_description/hook/pythonpath.sh'
[1.985s] Level 1:colcon.colcon_core.environment:checking '/home/nitish/work/myactuator/install/TandP_URDF_description/bin'
[1.985s] Level 1:colcon.colcon_core.environment:create_environment_scripts_only(TandP_URDF_description)
[1.985s] INFO:colcon.colcon_core.shell:Creating package script '/home/nitish/work/myactuator/install/TandP_URDF_description/share/TandP_URDF_description/package.ps1'
[1.986s] INFO:colcon.colcon_core.shell:Creating package descriptor '/home/nitish/work/myactuator/install/TandP_URDF_description/share/TandP_URDF_description/package.dsv'
[1.987s] INFO:colcon.colcon_core.shell:Creating package script '/home/nitish/work/myactuator/install/TandP_URDF_description/share/TandP_URDF_description/package.sh'
[1.988s] INFO:colcon.colcon_core.shell:Creating package script '/home/nitish/work/myactuator/install/TandP_URDF_description/share/TandP_URDF_description/package.bash'
[1.988s] INFO:colcon.colcon_core.shell:Creating package script '/home/nitish/work/myactuator/install/TandP_URDF_description/share/TandP_URDF_description/package.zsh'
[1.991s] Level 1:colcon.colcon_core.environment:create_file_with_runtime_dependencies(/home/nitish/work/myactuator/install/TandP_URDF_description/share/colcon-core/packages/TandP_URDF_description)
[2.525s] DEBUG:colcon.colcon_core.event_handler.log_command:Invoked command in '/home/nitish/work/myactuator/build/myactuator_rmd' returned '0': CMAKE_PREFIX_PATH=${CMAKE_PREFIX_PATH}:/home/nitish/work/myactuator/install/myactuator_python_driver:/home/nitish/work/myactuator/install/TandP_URDF_description:/opt/ros/jazzy DEBUGINFOD_URLS=https://debuginfod.archlinux.org https://debuginfod.cachyos.org PS1=[\u@\h \W]\$ /usr/bin/cmake /home/nitish/work/myactuator/myactuator_rmd -DCMAKE_INSTALL_PREFIX=/home/nitish/work/myactuator/install/myactuator_rmd
[2.528s] DEBUG:colcon.colcon_core.event_handler.log_command:Invoking command in '/home/nitish/work/myactuator/build/myactuator_rmd': CMAKE_PREFIX_PATH=${CMAKE_PREFIX_PATH}:/home/nitish/work/myactuator/install/myactuator_python_driver:/home/nitish/work/myactuator/install/TandP_URDF_description:/opt/ros/jazzy DEBUGINFOD_URLS=https://debuginfod.archlinux.org https://debuginfod.cachyos.org PS1=[\u@\h \W]\$ /usr/bin/cmake --build /home/nitish/work/myactuator/build/myactuator_rmd -- -j12 -l12
[15.921s] DEBUG:colcon.colcon_core.event_handler.log_command:Invoked command in '/home/nitish/work/myactuator/build/myactuator_rmd' returned '0': CMAKE_PREFIX_PATH=${CMAKE_PREFIX_PATH}:/home/nitish/work/myactuator/install/myactuator_python_driver:/home/nitish/work/myactuator/install/TandP_URDF_description:/opt/ros/jazzy DEBUGINFOD_URLS=https://debuginfod.archlinux.org https://debuginfod.cachyos.org PS1=[\u@\h \W]\$ /usr/bin/cmake --build /home/nitish/work/myactuator/build/myactuator_rmd -- -j12 -l12
[15.938s] DEBUG:colcon.colcon_core.event_handler.log_command:Invoking command in '/home/nitish/work/myactuator/build/myactuator_rmd': CMAKE_PREFIX_PATH=${CMAKE_PREFIX_PATH}:/home/nitish/work/myactuator/install/myactuator_python_driver:/home/nitish/work/myactuator/install/TandP_URDF_description:/opt/ros/jazzy DEBUGINFOD_URLS=https://debuginfod.archlinux.org https://debuginfod.cachyos.org PS1=[\u@\h \W]\$ /usr/bin/cmake --install /home/nitish/work/myactuator/build/myactuator_rmd
[16.037s] Level 1:colcon.colcon_core.environment:create_environment_scripts_only(myactuator_rmd)
[16.037s] Level 1:colcon.colcon_core.environment:checking '/home/nitish/work/myactuator/install/myactuator_rmd' for CMake module files
[16.038s] DEBUG:colcon.colcon_core.event_handler.log_command:Invoked command in '/home/nitish/work/myactuator/build/myactuator_rmd' returned '0': CMAKE_PREFIX_PATH=${CMAKE_PREFIX_PATH}:/home/nitish/work/myactuator/install/myactuator_python_driver:/home/nitish/work/myactuator/install/TandP_URDF_description:/opt/ros/jazzy DEBUGINFOD_URLS=https://debuginfod.archlinux.org https://debuginfod.cachyos.org PS1=[\u@\h \W]\$ /usr/bin/cmake --install /home/nitish/work/myactuator/build/myactuator_rmd
[16.038s] Level 1:colcon.colcon_core.environment:checking '/home/nitish/work/myactuator/install/myactuator_rmd' for CMake config files
[16.038s] Level 1:colcon.colcon_core.shell:create_environment_hook('myactuator_rmd', 'cmake_prefix_path')
[16.039s] INFO:colcon.colcon_core.shell:Creating environment hook '/home/nitish/work/myactuator/install/myactuator_rmd/share/myactuator_rmd/hook/cmake_prefix_path.ps1'
[16.039s] INFO:colcon.colcon_core.shell:Creating environment descriptor '/home/nitish/work/myactuator/install/myactuator_rmd/share/myactuator_rmd/hook/cmake_prefix_path.dsv'
[16.040s] INFO:colcon.colcon_core.shell:Creating environment hook '/home/nitish/work/myactuator/install/myactuator_rmd/share/myactuator_rmd/hook/cmake_prefix_path.sh'
[16.040s] Level 1:colcon.colcon_core.environment:checking '/home/nitish/work/myactuator/install/myactuator_rmd/lib'
[16.040s] Level 1:colcon.colcon_core.shell:create_environment_hook('myactuator_rmd', 'ld_library_path_lib')
[16.041s] INFO:colcon.colcon_core.shell:Creating environment hook '/home/nitish/work/myactuator/install/myactuator_rmd/share/myactuator_rmd/hook/ld_library_path_lib.ps1'
[16.041s] INFO:colcon.colcon_core.shell:Creating environment descriptor '/home/nitish/work/myactuator/install/myactuator_rmd/share/myactuator_rmd/hook/ld_library_path_lib.dsv'
[16.041s] INFO:colcon.colcon_core.shell:Creating environment hook '/home/nitish/work/myactuator/install/myactuator_rmd/share/myactuator_rmd/hook/ld_library_path_lib.sh'
[16.042s] Level 1:colcon.colcon_core.environment:checking '/home/nitish/work/myactuator/install/myactuator_rmd/bin'
[16.042s] Level 1:colcon.colcon_core.environment:checking '/home/nitish/work/myactuator/install/myactuator_rmd/lib/pkgconfig/myactuator_rmd.pc'
[16.042s] Level 1:colcon.colcon_core.environment:checking '/home/nitish/work/myactuator/install/myactuator_rmd/lib/python3.12/site-packages'
[16.042s] Level 1:colcon.colcon_core.shell:create_environment_hook('myactuator_rmd', 'pythonpath')
[16.043s] INFO:colcon.colcon_core.shell:Creating environment hook '/home/nitish/work/myactuator/install/myactuator_rmd/share/myactuator_rmd/hook/pythonpath.ps1'
[16.043s] INFO:colcon.colcon_core.shell:Creating environment descriptor '/home/nitish/work/myactuator/install/myactuator_rmd/share/myactuator_rmd/hook/pythonpath.dsv'
[16.044s] INFO:colcon.colcon_core.shell:Creating environment hook '/home/nitish/work/myactuator/install/myactuator_rmd/share/myactuator_rmd/hook/pythonpath.sh'
[16.044s] Level 1:colcon.colcon_core.environment:checking '/home/nitish/work/myactuator/install/myactuator_rmd/bin'
[16.045s] INFO:colcon.colcon_core.shell:Creating package script '/home/nitish/work/myactuator/install/myactuator_rmd/share/myactuator_rmd/package.ps1'
[16.045s] INFO:colcon.colcon_core.shell:Creating package descriptor '/home/nitish/work/myactuator/install/myactuator_rmd/share/myactuator_rmd/package.dsv'
[16.046s] INFO:colcon.colcon_core.shell:Creating package script '/home/nitish/work/myactuator/install/myactuator_rmd/share/myactuator_rmd/package.sh'
[16.046s] INFO:colcon.colcon_core.shell:Creating package script '/home/nitish/work/myactuator/install/myactuator_rmd/share/myactuator_rmd/package.bash'
[16.047s] INFO:colcon.colcon_core.shell:Creating package script '/home/nitish/work/myactuator/install/myactuator_rmd/share/myactuator_rmd/package.zsh'
[16.047s] Level 1:colcon.colcon_core.environment:create_file_with_runtime_dependencies(/home/nitish/work/myactuator/install/myactuator_rmd/share/colcon-core/packages/myactuator_rmd)
[16.047s] Level 1:colcon.colcon_core.environment:create_environment_scripts_only(myactuator_rmd)
[16.048s] Level 1:colcon.colcon_core.environment:checking '/home/nitish/work/myactuator/install/myactuator_rmd' for CMake module files
[16.048s] Level 1:colcon.colcon_core.environment:checking '/home/nitish/work/myactuator/install/myactuator_rmd' for CMake config files
[16.048s] Level 1:colcon.colcon_core.shell:create_environment_hook('myactuator_rmd', 'cmake_prefix_path')
[16.048s] INFO:colcon.colcon_core.shell:Creating environment hook '/home/nitish/work/myactuator/install/myactuator_rmd/share/myactuator_rmd/hook/cmake_prefix_path.ps1'
[16.049s] INFO:colcon.colcon_core.shell:Creating environment descriptor '/home/nitish/work/myactuator/install/myactuator_rmd/share/myactuator_rmd/hook/cmake_prefix_path.dsv'
[16.049s] INFO:colcon.colcon_core.shell:Creating environment hook '/home/nitish/work/myactuator/install/myactuator_rmd/share/myactuator_rmd/hook/cmake_prefix_path.sh'
[16.050s] Level 1:colcon.colcon_core.environment:checking '/home/nitish/work/myactuator/install/myactuator_rmd/lib'
[16.050s] Level 1:colcon.colcon_core.shell:create_environment_hook('myactuator_rmd', 'ld_library_path_lib')
[16.050s] INFO:colcon.colcon_core.shell:Creating environment hook '/home/nitish/work/myactuator/install/myactuator_rmd/share/myactuator_rmd/hook/ld_library_path_lib.ps1'
[16.050s] INFO:colcon.colcon_core.shell:Creating environment descriptor '/home/nitish/work/myactuator/install/myactuator_rmd/share/myactuator_rmd/hook/ld_library_path_lib.dsv'
[16.051s] INFO:colcon.colcon_core.shell:Creating environment hook '/home/nitish/work/myactuator/install/myactuator_rmd/share/myactuator_rmd/hook/ld_library_path_lib.sh'
[16.051s] Level 1:colcon.colcon_core.environment:checking '/home/nitish/work/myactuator/install/myactuator_rmd/bin'
[16.051s] Level 1:colcon.colcon_core.environment:checking '/home/nitish/work/myactuator/install/myactuator_rmd/lib/pkgconfig/myactuator_rmd.pc'
[16.051s] Level 1:colcon.colcon_core.environment:checking '/home/nitish/work/myactuator/install/myactuator_rmd/lib/python3.12/site-packages'
[16.051s] Level 1:colcon.colcon_core.shell:create_environment_hook('myactuator_rmd', 'pythonpath')
[16.052s] INFO:colcon.colcon_core.shell:Creating environment hook '/home/nitish/work/myactuator/install/myactuator_rmd/share/myactuator_rmd/hook/pythonpath.ps1'
[16.052s] INFO:colcon.colcon_core.shell:Creating environment descriptor '/home/nitish/work/myactuator/install/myactuator_rmd/share/myactuator_rmd/hook/pythonpath.dsv'
[16.052s] INFO:colcon.colcon_core.shell:Creating environment hook '/home/nitish/work/myactuator/install/myactuator_rmd/share/myactuator_rmd/hook/pythonpath.sh'
[16.053s] Level 1:colcon.colcon_core.environment:checking '/home/nitish/work/myactuator/install/myactuator_rmd/bin'
[16.053s] INFO:colcon.colcon_core.shell:Creating package script '/home/nitish/work/myactuator/install/myactuator_rmd/share/myactuator_rmd/package.ps1'
[16.054s] INFO:colcon.colcon_core.shell:Creating package descriptor '/home/nitish/work/myactuator/install/myactuator_rmd/share/myactuator_rmd/package.dsv'
[16.054s] INFO:colcon.colcon_core.shell:Creating package script '/home/nitish/work/myactuator/install/myactuator_rmd/share/myactuator_rmd/package.sh'
[16.055s] INFO:colcon.colcon_core.shell:Creating package script '/home/nitish/work/myactuator/install/myactuator_rmd/share/myactuator_rmd/package.bash'
[16.055s] INFO:colcon.colcon_core.shell:Creating package script '/home/nitish/work/myactuator/install/myactuator_rmd/share/myactuator_rmd/package.zsh'
[16.056s] Level 1:colcon.colcon_core.environment:create_file_with_runtime_dependencies(/home/nitish/work/myactuator/install/myactuator_rmd/share/colcon-core/packages/myactuator_rmd)
[16.056s] INFO:colcon.colcon_ros.task.ament_python.build:Building ROS package in '/home/nitish/work/myactuator/myactuator_python_driver' with build type 'ament_python'
[16.056s] Level 1:colcon.colcon_core.shell:create_environment_hook('myactuator_python_driver', 'ament_prefix_path')
[16.056s] INFO:colcon.colcon_core.shell:Creating environment hook '/home/nitish/work/myactuator/install/myactuator_python_driver/share/myactuator_python_driver/hook/ament_prefix_path.ps1'
[16.058s] INFO:colcon.colcon_core.shell:Creating environment descriptor '/home/nitish/work/myactuator/install/myactuator_python_driver/share/myactuator_python_driver/hook/ament_prefix_path.dsv'
[16.058s] INFO:colcon.colcon_core.shell:Creating environment hook '/home/nitish/work/myactuator/install/myactuator_python_driver/share/myactuator_python_driver/hook/ament_prefix_path.sh'
[16.060s] INFO:colcon.colcon_core.shell:Skip shell extension 'powershell' for command environment: Not usable outside of PowerShell
[16.060s] DEBUG:colcon.colcon_core.shell:Skip shell extension 'dsv' for command environment
[16.346s] INFO:colcon.colcon_core.task.python.build:Building Python package in '/home/nitish/work/myactuator/myactuator_python_driver'
[16.347s] INFO:colcon.colcon_core.shell:Skip shell extension 'powershell' for command environment: Not usable outside of PowerShell
[16.347s] DEBUG:colcon.colcon_core.shell:Skip shell extension 'dsv' for command environment
[17.084s] DEBUG:colcon.colcon_core.event_handler.log_command:Invoking command in '/home/nitish/work/myactuator/myactuator_python_driver': DEBUGINFOD_URLS=https://debuginfod.archlinux.org https://debuginfod.cachyos.org PS1=[\u@\h \W]\$ PYTHONPATH=/home/nitish/work/myactuator/build/myactuator_python_driver/prefix_override:/usr/lib/python3/dist-packages/colcon_core/task/python/colcon_distutils_commands:/home/nitish/work/myactuator/install/myactuator_python_driver/lib/python3.12/site-packages:/home/nitish/work/myactuator/install/myactuator_rmd/lib/python3.12/site-packages:/home/nitish/work/myactuator/install/myactuator_python_driver/lib/python3.12/site-packages:/home/nitish/work/myactuator/install/TandP_URDF_description/lib/python3.12/site-packages:/opt/ros/jazzy/lib/python3.12/site-packages /usr/bin/python3 -W ignore:setup.py install is deprecated -W ignore:easy_install command is deprecated setup.py egg_info --egg-base ../build/myactuator_python_driver build --build-base /home/nitish/work/myactuator/build/myactuator_python_driver/build install --record /home/nitish/work/myactuator/build/myactuator_python_driver/install.log --single-version-externally-managed install_data
[17.683s] Level 1:colcon.colcon_core.environment:checking '/home/nitish/work/myactuator/install/myactuator_python_driver' for CMake module files
[17.684s] DEBUG:colcon.colcon_core.event_handler.log_command:Invoked command in '/home/nitish/work/myactuator/myactuator_python_driver' returned '0': DEBUGINFOD_URLS=https://debuginfod.archlinux.org https://debuginfod.cachyos.org PS1=[\u@\h \W]\$ PYTHONPATH=/home/nitish/work/myactuator/build/myactuator_python_driver/prefix_override:/usr/lib/python3/dist-packages/colcon_core/task/python/colcon_distutils_commands:/home/nitish/work/myactuator/install/myactuator_python_driver/lib/python3.12/site-packages:/home/nitish/work/myactuator/install/myactuator_rmd/lib/python3.12/site-packages:/home/nitish/work/myactuator/install/myactuator_python_driver/lib/python3.12/site-packages:/home/nitish/work/myactuator/install/TandP_URDF_description/lib/python3.12/site-packages:/opt/ros/jazzy/lib/python3.12/site-packages /usr/bin/python3 -W ignore:setup.py install is deprecated -W ignore:easy_install command is deprecated setup.py egg_info --egg-base ../build/myactuator_python_driver build --build-base /home/nitish/work/myactuator/build/myactuator_python_driver/build install --record /home/nitish/work/myactuator/build/myactuator_python_driver/install.log --single-version-externally-managed install_data
[17.685s] Level 1:colcon.colcon_core.environment:checking '/home/nitish/work/myactuator/install/myactuator_python_driver' for CMake config files
[17.686s] Level 1:colcon.colcon_core.environment:checking '/home/nitish/work/myactuator/install/myactuator_python_driver/lib'
[17.686s] Level 1:colcon.colcon_core.environment:checking '/home/nitish/work/myactuator/install/myactuator_python_driver/bin'
[17.686s] Level 1:colcon.colcon_core.environment:checking '/home/nitish/work/myactuator/install/myactuator_python_driver/lib/pkgconfig/myactuator_python_driver.pc'
[17.686s] Level 1:colcon.colcon_core.environment:checking '/home/nitish/work/myactuator/install/myactuator_python_driver/lib/python3.12/site-packages'
[17.687s] Level 1:colcon.colcon_core.shell:create_environment_hook('myactuator_python_driver', 'pythonpath')
[17.687s] INFO:colcon.colcon_core.shell:Creating environment hook '/home/nitish/work/myactuator/install/myactuator_python_driver/share/myactuator_python_driver/hook/pythonpath.ps1'
[17.688s] INFO:colcon.colcon_core.shell:Creating environment descriptor '/home/nitish/work/myactuator/install/myactuator_python_driver/share/myactuator_python_driver/hook/pythonpath.dsv'
[17.688s] INFO:colcon.colcon_core.shell:Creating environment hook '/home/nitish/work/myactuator/install/myactuator_python_driver/share/myactuator_python_driver/hook/pythonpath.sh'
[17.690s] Level 1:colcon.colcon_core.environment:checking '/home/nitish/work/myactuator/install/myactuator_python_driver/bin'
[17.690s] Level 1:colcon.colcon_core.environment:create_environment_scripts_only(myactuator_python_driver)
[17.690s] INFO:colcon.colcon_core.shell:Creating package script '/home/nitish/work/myactuator/install/myactuator_python_driver/share/myactuator_python_driver/package.ps1'
[17.691s] INFO:colcon.colcon_core.shell:Creating package descriptor '/home/nitish/work/myactuator/install/myactuator_python_driver/share/myactuator_python_driver/package.dsv'
[17.692s] INFO:colcon.colcon_core.shell:Creating package script '/home/nitish/work/myactuator/install/myactuator_python_driver/share/myactuator_python_driver/package.sh'
[17.693s] INFO:colcon.colcon_core.shell:Creating package script '/home/nitish/work/myactuator/install/myactuator_python_driver/share/myactuator_python_driver/package.bash'
[17.694s] INFO:colcon.colcon_core.shell:Creating package script '/home/nitish/work/myactuator/install/myactuator_python_driver/share/myactuator_python_driver/package.zsh'
[17.694s] Level 1:colcon.colcon_core.environment:create_file_with_runtime_dependencies(/home/nitish/work/myactuator/install/myactuator_python_driver/share/colcon-core/packages/myactuator_python_driver)
[17.695s] DEBUG:colcon.colcon_parallel_executor.executor.parallel:closing loop
[17.696s] DEBUG:colcon.colcon_parallel_executor.executor.parallel:loop closed
[17.696s] DEBUG:colcon.colcon_parallel_executor.executor.parallel:run_until_complete finished with '0'
[17.696s] DEBUG:colcon.colcon_core.event_reactor:joining thread
[17.707s] INFO:colcon.colcon_core.plugin_system:Skipping extension 'colcon_notification.desktop_notification.notify_send': Could not find 'notify-send'
[17.707s] INFO:colcon.colcon_core.plugin_system:Skipping extension 'colcon_notification.desktop_notification.terminal_notifier': Not used on non-Darwin systems
[17.707s] INFO:colcon.colcon_core.plugin_system:Skipping extension 'colcon_notification.desktop_notification.win32': Not used on non-Windows systems
[17.707s] INFO:colcon.colcon_notification.desktop_notification:Sending desktop notification using 'notify2'
[17.737s] DEBUG:colcon.colcon_core.event_reactor:joined thread
[17.738s] INFO:colcon.colcon_core.shell:Creating prefix script '/home/nitish/work/myactuator/install/local_setup.ps1'
[17.740s] INFO:colcon.colcon_core.shell:Creating prefix util module '/home/nitish/work/myactuator/install/_local_setup_util_ps1.py'
[17.744s] INFO:colcon.colcon_core.shell:Creating prefix chain script '/home/nitish/work/myactuator/install/setup.ps1'
[17.746s] INFO:colcon.colcon_core.shell:Creating prefix script '/home/nitish/work/myactuator/install/local_setup.sh'
[17.747s] INFO:colcon.colcon_core.shell:Creating prefix util module '/home/nitish/work/myactuator/install/_local_setup_util_sh.py'
[17.748s] INFO:colcon.colcon_core.shell:Creating prefix chain script '/home/nitish/work/myactuator/install/setup.sh'
[17.750s] INFO:colcon.colcon_core.shell:Creating prefix script '/home/nitish/work/myactuator/install/local_setup.bash'
[17.750s] INFO:colcon.colcon_core.shell:Creating prefix chain script '/home/nitish/work/myactuator/install/setup.bash'
[17.752s] INFO:colcon.colcon_core.shell:Creating prefix script '/home/nitish/work/myactuator/install/local_setup.zsh'
[17.752s] INFO:colcon.colcon_core.shell:Creating prefix chain script '/home/nitish/work/myactuator/install/setup.zsh'
